The armed conflicts is composed mainly of theviianese military and the janjaweed , a L\xc3\xbcanese militia group recruited from the afro-arab abbala tribes of the northern rizeigat region.
jeddah is the main gateway to mecca , at 's holiest city', where able-bodied muslims are required to visit at least once in their lifetime .
the great dark spot is thought to be a hole in the methane cloud deck of neptune.
his next work , saturday, follows an especially eventful day in the life of a neurosurgeon.
In the tarantula , who knew what to do, spun a black cord and , attaching it to the ball , crawled away fast to the east , pulling on the cord with all his strength .
He died a few weeks later  in January 2007.
They are culturally akin to the coastal peoples of papua new guinea.
since 2000, the recipient of the kate greenaway medal has also been presented with the colin mears award to the value of \xc2\xa3 5000 .
Unlike the drummers are dancers, who sometimes play the sogo - a small drum that makes almost no sound -rrb- and tend to have more elaborate choreography .
It has two main parts: the nasa cassini orbiter , named after the alkeniasa cassini , and the esa huygens probe , named after the dutch astronomer , mathematician, and physicist christiaan huygens .
alessandro -lrb- " sandro " -rrb- mazzola -lrb- born 8 november 1942 -rrb- is an Italian football player.
The debris thrown up by the collision filled in the smaller craters.
wheaton attended wheaton college in 1943, when he graduated with a ba in anthropology.
However the bz\xc3\xb6 may be different in comparison to the freedom party, but today you have an lisbon treaty but against an eu- withdrawal .
many species had gone by the end of the 1800\xe2\x80\x99s, with european settlement .
Storm known as wexler was inducted into the rock and roll hall of fame.
dextromethorphan is a white powder.
admission to tsinghua is quite competitive,.
Today nrc is an independent, private organisation.
it is located on the coast of the baltic sea , where it surrounds the city of stralsund .
He is also named 1982 " sportsman of the year " by sports illustrated .
fives is a sport believed to come from the same origins as many racket sports.
King bhumibol was born on monday , so on his birthday places in thailand will be decorated with yellow color .
In 2007 the national museum of scotland was lost into the national museum of scotland.
nevertheless , tagore emulated numerous styles , including craftwork from northern new ireland , haida carvings from the west coast of Happi -lrb- , and woodcuts by max pechstein .
AWN 'Hin october 14 , 1960 , A minimum of what became the peace corps on the steps of Ceiigan union .
She performed for president reagan in 1988 in 1988.
perry saturn -lrb- with terri -- with terri - to win the wwf European championship -lrb- to win the wwf European championship -lrb- saturn pinned guerrero after a diving elbow drop .
In 1927 she and her husband returned to france.
It was discovered in late july , 1989 from the images taken by the voyager 2 probe .
the first comprehensive motor racing championship was on 7 september 1921 at brescia .
he also completed two collections of short stories entitled the ribbajack & other curious yarns and seven strange and ghostly tales.
At the voyager 2 images ophelia appears as a stretched object, the major axis pointing towards uranus .
british decided to strike him and take the land by force.
some towns on the eyre highway in the south-east corner of western australia - between the south australian border almost as far as caiguna, use official western australian time.
But they represented a larger piece of colored shell and iridescent shell.
The other cities on the line include Villas, rolling hills, rolling hills, rolling hills, and rolling hills.
During the February, clank asks ratchet to help him find a superhero captain qwark, where he wanted to stop drek .
it is also not a true louse 24.
He was in favour of user-centered design process in product development cycles and also worked towards popularizing interaction design as a mainstream discipline .
it possible that the other users who may have reported you , and the administrator who blocked you , are part of a conspiracy against someone half a world away they ' ve never met in person.
working group i : assesses scientific aspects of the climate system and climate change .
the island chain forms part of the hebrides ( separated from the scottish mainland and from the inner hebrides by the stormy waters of the minch, the little minch and the sea of the hebrides.
his wife welcomed alanna marie orton and his wife welcomed alanna marie orton on july 12 , 2008 .
formal minor planet designations are number-name combinations given by the minor planet center center.
by early on September 7, , wind shear began to severely increase and a weakening trend began.
each entry holds a datum -lrb- a nugget of data -rrb- which is a copy of a datum in another place.
as a result , both men and women must follow this rule when they attend a mosque, even though many mosques do not enforce these rules.
mariel of redwall is a fantasy book that was written by brian jacques now in 1991.
ryan prosser - born 10 july, 1988 -rrb- is a rugby union player for bristol rugby in the guinness premiership .
like earlier IPCC reports include four reports, three of them from its working groups.
His granddaughter h\xc3\xa9l\xc3\xa8ne misevin-joliot is a professor of nuclear physics at the university of paris .
this stamp remained the standard letter stamp for the rest of victoria 's reign , and lots were printed .
The international fight league was an american mixed martial arts -lrb- mma selling billed as the world 's first mma league .
giardia lamblia -lrb- synonymous with lamblia intestinalis and giardia duodenalis -rrb- is a flagellated protozoan parasite that infects the gastrointestinal tract and causes giardiasis.
aside from this , cameron has often worked in christian-themed productions.
this was the area east of the mouth of the vistula river.
After graduation he returned to yerevan to teach at the local conservatory, and later he was made artistic director of the armenian philarmonic orchestra.
The Gospel of problems is based on the biblical accounts given in the gospel of matthew, namely - and the gospel of luke , specifically - .
Inding, weelkes got into trouble with the chichester cathedral authorities because of his heavy drinking and bad behaviour, had bad behaviour (in the case of the mysterious government) for his heavy drinking and bad behaviour.
Because far the ' celebrity ' episodes have included vic reeves , nancy sorrell y the roslin , scott mills , paraly cleaver .
It was found by stephen p. synnott in images from the voyager 1 space probe taken on march 5 , 1979 when orbiting around jupiter .
gomaespuma was a spanish radio show, hosted by juanapte cano and guillermo fesser.
on the album, the official release date of the resistance was announced on the band 's website .
He is a member of another boyband, 183 club.
hallel psalms with alleluia as the refrain in early christian agape feasts.
charles, converted to charles , converted to christianity , and undertook to defend the northern region of france against the United States in other viking groups.
it is comes from voice of america -lrb- voa -rrb- special english .
disney was brought to the full-size oscar statuette and seven small ones, given to him by 10-year-old child actress shirley temple.
It was the first asteroid to be found by a spacecraft .
contaminatedrhein is a district in the canton of graub\xc3\xbcnden , switzerland .
it continues as a bohemian switzerland in the czech republic in the czech republic.
1 mib - 11,8,576 -rrb-0 1 mb = 1,048,576 - 1rb - 1,048,576 -rrb-0 is closely related to the megabyte -rrb- instead of 1 mib .
The incident was the subject of numerous reports as to ethics in scholarship.
They are castrated so that the animal can be calmer or to put on weight more quickly .
seventh sons have strong " knacks" "powers", "tlrb- , and seventh sons of seventh sons are both very rare and powerful .
benchmarking conducted by passmark software highlights the 2009 version 's 52 second install time , 32 second scan time , and 7 mb memory utilization.
volterra is a town in the tuscany region of italy.
historically , the sensations of itch and pain have not been considered to be independent of each other until recently , where it was found that itch has several features in common with pain , but has important differences .
the tongue is sticky because of the presence of glycoprotein-rich mucous.
This would be in cinema loop in December 2006.
there are statues of sir alf ramsey and sir bobby robson, both former ipswich town and england managers , outside the ground .
take the square root of that average .
volunteers gave food , blankets and water, volunteers gave toys to children, massages , and a live rock and roll band showe.
vouvray-sur-huisne is a town in the sarthe department in the region of pays regions in northwestern france .
If there are no strong rules that control the use of land, buildings are built along a bypass, making it an ordinary town road so that it might become just as busy as a town street again.
It is also a starting point for people wanting to see cooktown , capeloaded peninsula, and the atherton tableland .
bruises often cause pain but are not normally dangerous.
none of the authors , contributors , sponsors , administrators , vandals, or anyone else connected with wikipedia , in any way at all , can be responsible for your use of the information in or linked from these web pages.
george frideric  schizophrenia also served as kapellmeister for george , elector of hanover -lrb- who eventually became george i of great britain -rrb- .
their eyes are quite small.
A similar biological toughness one can find only by chitin.
An ingredient in greek cuisine .
The docklands light railway is played by train.
He created and published his works himself, but his larger works were mostly commissioned work to be sold.
the historical method are the techniques and guidelines by which historians use primary sources and other evidence to research and then to write history .
The weight of the continental ice on top of lake vostok is believed to add to the high concentration of oxygen.
In 2000, the population was 89,148 .
Countacy -lrb- is the state of aliteracy -rrb- is the state of being able to read but being uninterested in doing so.
mifepristone is a synthetic steroid that is used as a drug .
It will then release itself and sink back to the river bed in order to digest its food and wait for its next meal.
Amore knows children must report a crime if it involves someone that the child knows his, trusts.
Since he is a son of his father, the ring is one of floyd 's biggest fans.
shortly after becoming a category 4 hurricane, the outer convection of the hurricane became ragged.
This will fix the price for a certain type of good.
convinced that the grounds were haunted, they decided to publish their findings in a book an adventure -lrb- 1911 - , under the pseudonyms of elizabeth morison and frances lamont .
he settled in london , spending most of his time teaching.
brunstad has several fast food restaurants , a cafeteria restaurant restaurant , coffee bar , and a grocery store .
He left 11,000 troops to keep watch over the newly conquered region.
in 1438 trevi became part of the "legation" of perugia: and thenceforth its history comes from the states of the church , then -lrb- 1860 - with the united kingdom of italy .
the depression moved inland on the 20th as a circulation with convection.
The new tornado city housing authority police department was a law enforcement agency in newhistori that existed from 1952 to 1995 .
They formed in the band are: flynn -lrb- vocals , guitar -rrb- , phil demmel -lrb- , and dave mcclain -s.
advocacy countries with a small muslim population are more likely than muslim-majority countries of the greater middle east to use mosques as a way to support civic participation.
They can be seen as more offensive version of the earlier characters pete and dud .
johan was also the original bassist of the power metal band hammerfall , but quit before the band recorded a studio album .
In 1998, he ran for iowa secretary of state and was victorious .
In 1990 , mark messier took the hart over ray bourque by a margin of two votes , the difference being a single first-place vote .
shade sets the main plot of the novel in motion when he breaks that law, and starts a chain of events that leads to the destruction of his group's home , forcing their premature migration , and his separation from them .
the opposite of a son is a daughter.
He was diagnosed with inoperable stomach cancer in april 1999.
prior to campgrounds the tropical park service closed visitor centers along the outer banks .
The form is about chess played is speed chess in which each player has a total of twelve minutes for the whole game.
The tests the Cour basin is the part of south america drained by the cleanliness river and its tributaries .
The two former presidents were later charged with mutiny and treason for their part in the 1979 coup and the 1980 gwangju Riot.
On the contrary of moderate way up the atlantic coastline and as far inland of sailors as west virginia .
because the owner tends to not know, these computers are compared to zombies .
The wave travelled across the atlantic , and organized into a tropical depression off the northern coast of haiti on september 13 It was separated into by the storm.
book (or t2) is an excellent crossover by the stylebook of the associated press is updated every year.
gospel of luke and gospel of luke and gospel of luke and gospel of tims -rrb-.
Since the end of the 19th century eschelbronn is well known for its furniture production.
The upper half also looks like the coat of arms of the former district Fontarnim.
unlike the clouds on earth, however , which are made of mostly crystals of ice , neptune 's clouds are made up of crystals of frozen methane .
What they can do is limited until they reach adulthood.
development stable releases are not often made, but in SVN is mostly a stable version to use .
finally in 1482 the order dispatched him to florence , the \xe2\x80\x98 city of his destiny \xe2\x80\x99 .
In the soviet years , the bolsheviks destroyed two of rostov 's mode - st alexander nevsky cathedral - 1908 -rrb- and st george cathedral in nakhichevan -lrb- 1783-1807 -rrb- .
He was buried in the church of sa benito, in a city named a alcantara.
this was proved by the miller-urey experiment by stanley l. miller and harold c. urey in 1953.
Hydrogen is the use of a heat engine or a power station to make both electricity and useful heat .
Sometimes the male " den master " will also allow a second male into the den ; the reason for this is unclear.
a css snippet is a type of a css snippet that can be enabled simply by checking an option in your wikipedia preferences .
Other pages below are some pages to help you get started.
He was Prime Minister of egypt between 1945 and 1946 and again from 1946 to 1948.
Since the rest of the nicole \xe2\x81\x87 os, she was moved to the land when the rest of the nicole \xe2\x81\x87 os were moved to the missions.
james i got a gentleman of the chapel royal .
chauvin was embarrassed to receive his award and at first did not want to accept it[ ].
Coso speakers began to see the language and the culture that was shared is owned by themselves , even if esperanto is never chosen by the united nations or other international organizations .
dry air wrapping around the southern half of the cyclone dissipated most of the deep convection by early on September 6, 12 .
calvin baker is an american novelist.
eva anna paula braun , died eva anna paula problems - 6 february 1912, 30 april 1945 (rocke) was the longtime companion and , in a brief time .
each version of the license is given a distinguishing version number .
most irc servers do not require users to log in, but a user will have to set a nickname before being connected (i).
That year he also received a mechanics license, becoming the youngest licensed airplane mechanic in new situations.
-rrb- is a professional wrestling pay-per-view event produced by world wrestling entertainment -lrb- wwe - wwe - , which will take place oncorrelated 23, 2009 at staples center in los angeles , california .
Usually, he is a incarnation of the southern polestar .
Other colors have a few animals like a chromatic response, they change color in changing environments , either seasonally -lrb- ermine , snowshoe hare - or far more rapidly like the chromatophores in their integument - the cephalopod family -rrb- .
val venis defeated rikishi in a steel cage match to retain the wwf intercontinental championship -lrb- 14:10 -rrb- venis pinned rikishi after azz hit rikishi with a tv camera .
this closely resembles the unix philosophy of having multiple programs doing one thing well and working together over universal interfaces .
His mother, or he came from a musical family, or his father, , keith brion.
The largest populations of mennonites are in 47gress , democratic republic of congo and the united states , but mennonites can also be found in tight-knit communities in at least 51 countries on six continents or scattered amongst the populace of those countries .
naas is a major " caciin suburb" .
Its armor was rows of oval plates set into the skin , plus it had spikes jutting out of its neck and shoulder area along the spine .
The origin irmo was chartered onARS eve in 1890 in response to the opening of the columbia , newberry and laurens railroad .
The Laws of the Courts, and consolidation bills , start in the house of lords.
when he began preparations for the reconquest of wallachia , vlad lived with his new wife in a house in the hungarian capital (at).
you may add five words with a back-cover text, and a passage of up to 25 words with a back-cover text.
He is buried in samois .
bone marrow is a type of tissue that can be found in hollow bones.
reflection nebulae are the thicked blue light than red -lrb- the scattering process that gives us blue skies and red woods -rrb- .
It is found in the region Provence-Alpes-C\xc3\xb4te d ' azur d ' azur in the ozur region.
macgruber starts asking for simple objects to make something to stop the bomb, but he is later distracted by something -lrb- usually involving his personal life -rrb- that makes him run out of time .
this was nearly finished when messiaen died , and yvonne loriod orchestrated the last movement 's orchestration with advice from george benjamin .
shi ' a muslims consider karbala to be one of their holiest cities after mecca , medina , jerusalem and najaf.
Yalian government of the governments of thaksin shinawatra , samak sundaravej and somchai wongsawat .
Such a trip, especially off the few big roads, requires very good planning and a suitable vehicle.
He was the chief architect for the fisher building in 1928.
he excuses himself because he has to leave for rehearsal , and he and dr. fascinating leave.
They later madeinfluenced by british guitar pop music of the 1960s and 1970s.
This was joined into battalions, or he formed for xi international brigade .
The sheppard line has less users than the other two subway lines , and shorter trains run on it.
it has a capacity of 98,772 , making it the largest stadium in Europe , and the eleventh largest in the world.
in december , 1967 - ten boom was given one of the righteous nations by the state of israel .
Some articles are quite long and have stubs -rrb- and of lesser quality .
about 95 species are currently known.
They learn from the native australian word meaning "thetan".
" " undies " for underwear and " movie " for " moving picture " are oft-heard terms in english: Fair"The".
jurisdiction draws its substance from Lawlessless law , constitutional law and the powers of the executive and legislative branches of government to give resources to best serve the needs of its society .
he followed this with several other pieces about hiawatha : the death of minnehaha , overture to the song of hiawatha and hiawatha 's departure .
The capital and the state is aracaju -lrb- pop .
despite this , farrenc was paid less than the male teachers.
gumbasia was created in a style vorkapich taught called kinesthetic film principles .
lawyer, referred to as a lawyer, brandon -lrb- waise lee -rrb- Malcolm grew up to be a lawyer.
Canople is a town near cowra in the central west of new south wales , australia in cabonne shire.
Military career donaldson enlisted in the australian army in 18 june 2002.
Some looking fornia , Europe and china were also digging along the peel river and up the mountain slopes .
before electronic calculators were developed, slide rules were the tool used most often in science and engineering.
It has improved battery life, 20 percent faster page-refreshing , a text-to-speech option to read the text out loud , and overall thickness reduced from 0.8 to 0.36 inches -lrb- .
yoghurt or yogurt is a dairy product made by bacterial fermentation of milk.
seventy-five defencemen are in the hall of fame , more than any other current position , while only 35 goaltenders have been added .
They are not known even by mainstream christian bodies.
The album was banned from many record stores in the United States.
The legs are wide at the top , and narrow at the bottom.
In late 2004 , suleman was chosen by cutting howard stern 's radio show from four citadel stations because of stern 's frequent discussions about Stern in the Kreuzlingen patent from four citadel stations.
the company opened twice as many canadian outlets as mcdonald \'s " wendy \'s confirms tim hortons ipo by march " , ottawa business journal , december 1 in 2005", and sales also are bigger than the consumers in this time.
C.E. kirk cameron - is a firefighter in albany.
He won the election election held on 2 march 2008 with 71.25 of the popular vote.
It can be called a "living fossil".
In 1990, she was the only female entertainer who could be aist for group of people who wish in saudi arabia.
orchestration stravinsky first thought of the idea of this ballet in 1913.
protests across the nation became smaller.
offenbach 's numerous operettas , such as orpheus in the underworld , and la belle h\xc3\xa9l\xc3\xa8ne , were extremely popular in both france and the english-speaking world during the 1850s and 1860s.
roof tiles from the tang dynasty with this symbol have been found west of the ancient city of chang ' an -lrb- .
jeanne marie-madeleine demessieux - at the time, was a french organist , pianist , composer and pedagogue .
Several accounts , the instrument was nearly impossible to play.
santa maria maggiore -lrb- st. mary the greater -rrb- , the earliest extant church in assisi .
radar observations show that the form of iron-nickel composition .
railway gazette international is a monthly business journal about the railway , metro , light rail and tram industries worldwide.
He was appointed companion of honour -lrb- in 1988.
lo\xc3\xa8che houses the installations of onyx , the swiss interception system for electronic intelligence gathering .
A matchbook is a small cardboard container that holds a quantity of matches inside and has a coarse striking surface on the exterior.
As a doctor, she was one of the first to be against smoking near children (i.e.g. drug use in pregnant women .
She never renounce the commune.
It was taken by twolegs in dawn until he returned to thunderclan in the sight.
samovar & porter - the daily basis .
He was also famous for his prints , book covers , posters , and metal garden furniture.
She had pneumonia four or five times each year and had problems with her appendix  and tonsilsils.
dr. david lindenmeyer -lrb- australian national university Sologging was compared to hollows as resulted by species like leadbeater 's Possum.
The brackets are a professional ice hockey team.
small inductors can also be put onto integrated circuits using the same ways that are used to make transistors .
The term gribble was originally used for the wood-boring species, especially the first species described from norway by rathke in 1799 , limnoria lignorum.
The wounds caused by a club are known as bludgeoning or blunt-force trauma injuries.
Andres became a town in 1596 until greenlaw became the county town in 1596.
no one has yet done a quadruple axel in competition.
from the telephone exchange, the port jackson district commandant could talk with all the installations on the harbour.
There are other rules that also apply to those who enter the mosque, even though they do not want to pray there.
It has a pointed face and it is about the size of a rabbit.
computer performance is the amount of useful work that a computer system can perform compared to the time it takes to perform this work.
Some of the biggest reservoirs in the world can be found along the volga .
the crosier symbolises the monasteries of the area.
They can be a very pale pink all the way up to very pale pink.
bankers from shorebank , a community development bank in chicago , helped yunus with the official incorporation of the bank under a grant from the ford foundation .
bremer reported plans to put saddam on trial , but said that the details of such a trial had not yet been determined.
representatives of the professional ice hockey writers ' association vote for the all-star team at the end of the regular season.
He tajikistan , turkmenistan and uzbekistan border afghanistan to the north , iran to the west , pakistan to the south and the people 's republic of china to the east.
nupedia's were written by members of bomis, inc , a web portal company.
Main features of the design include key-dependent s-boxes and a very complex key schedule .
It is a rugby union player in bristol rugby in the guinness premiership.
other nearby settlements include pont-bellanger and beaumesnil.
The quark model was independently suggested by physicists murray gell-mann and george Wildlife in 1964.
In 1938 the column was moved to its present location, and a fourth ring, decorated with golden garlands was added.
west berlin had its own postal administration, separate from west germany 's, which issued its own postage stamps until 1990.
It is a painting by the Italian painter sandro botticelli , c . 1482 .
new south wales is the largest city and capital of Jordan.
The plastic is most often epoxy , but other plastics , such as polyester , vinyl ester or nylon , are also sometimes used .
The name survives as a brand for a related spin-off digital television channel , digital radio station , and website which have survived the end of the printed magazine .
She was left to live on the streets of northern italy for the next four years, living in various orphanages and roving through towns with groups of other homeless children.
stands were added behind each set of goals during the 1980s and 1990s as the ground began to be made more modern.
a town may be described as a market town or as having market rights even if it does not have a market anymore, provided the right to do so still holds.
A bastion on the eastern side was sold later .
Europe july 29 \xe2\x80\x94 battle of stiklestad -lrb- norway -rrb- : olav haraldsson loses to his pagan vassals and is killed in the fight .
others have theorized that tresca was eliminated by the nkvd as retribution for criticism of the stalin regime of the soviet union .
this resulted in both montenegro and serbia, becoming independent countries.
use html and only bits of use html and only its good reason .
schuschnigg immediately said publicly that reports of riots were false.
addiscombe is a suburb of croydon .
The word constituent is that of a citizen who lives in the area that is governed , represented .
prunk is a member of Translation of European history in mainz , and a senior fellow of the center for European integration studies in bonn .
stallone also had a cameo appearance in the 2003 French French taxi 3 as a passenger .
They built a trailer connected to the " hovercraft" as a player to the " hovercraft".
During the next year in a bookmicroeconomic foundations of employment and inflation theory by phelps et al .
wario land series is a platforming series that started with wario land : super mario land 3 and a spin-off of the government.
It is now a group for piano.
these attacks may have been more to do with his imagination.
a historian said that " it was quinine \'s efficacy that gave colonists fresh opportunities to swarm into the gold coast , nigeria and other parts of west africa ".
furthermore , spectroscopic studies have shown evidence of hydrated minerals and silicates , which indicate that the surface is stony.
She is a jockey drawing of her husband 's works for willingkopf und h\xc3\xa4rtel.
mercury - it is very cratered with areas of smooth plains a gastern armed item.
geography the town lies in the limmat valley between baden and z\xc3\xbcrich.
Examples these give very good conditons for chinkara , hog deer and blue bull to live in.
dhaka was successively ruled by the sena dynasty , dhaka was ruled successively ruled by the turkish and afghan governors.
The Prime Minister stays in office only as long as he or she has the support of the Lower House.
for rowling , this scene is important because it shows harry 's bravery , and by finding cedric 's corpse , he demonstrates selflessness and compassion .
, 1972 , he and fellow raf members jan-carl raspe and holger meins were apprehended after a lengthy shootout in frankfurt .
They formed a new music manchester , a group which are later called music.
and strong hurricane caused severe damage in the upper florida keys.
It is now the site of meher baba 's tomb-shrine -rrb- as well as places for visitors to stay.
the dome of the main church has been restored entirely .
She is the second american woman to land.
salem is a city in essex county, massachusetts , united states in Pakistan.
forty-nine species of pipefish and nine species of seahorse have been found.
saint martin is a tropical island in the northeast caribbean , about 300 km - 186 miles - east of puerto rico .
therefore , these pdfs can not be distributed without further manipulation if they contain images.
In april 1862 , ben was arrested on the orders of police inspector sir frederick pottinger for taking part in a robbery.
heavy rain fell across parts of britain on october 5, causing localized build of flood waters.
When coming on Game Boy 2001 it can find a live usb, where the user configuration and personal data are saved.
: 2 members - they were given to the parties - off or group of tvp -rrb- : 2 members , and swiss people 's party -lrb- : 2 members .
a fee is the price one gives as payment for services, especially the honorarium paid to a doctor , lawyer , consultant or member of a learned profession .
ohio state 's library system has twenty-one libraries on its columbus campus.
Traditionally they knew and recognised the overlordship of norway, but scotland was able to stop them and they made peace.
In the album "The zephyr song " ", " ca n\'t stop " , " dosed " and " ".
Instead, minix became free / open source software under a permissive free software licence, but by this time other operating systems were much better as an operating system for students and hobbyists .
The color of the color is from light brown to grey and is sometimes marked with dark brown spots.
Its britannica was mainly a scottish enterprise, as symbolised by its thistle logo , the floral emblem of scotland .
The top of the area covered by the warning was extended southwards as jose intensified , before being cancelled soon after landfall on september 23 to the south.
The san diego union tribune alleged that u.s. marine pilots and their commanders confirmed the use of mark 77 firebombs on iraqi republican guards during the initial stages of combat .
The book and the little bit of film that is left can help people imagine what the whole movie may have been like .
that is because real estate , businesses and other assets in the underground economies of the third world can not be used as collateral to raise capital to finance the growth of industry and trade.
They ran away from sydney cove several times before being shot dead in 1796 .
ned and dan went to the police camp , order to surrender .
before the second game got underway , the press agreed that the " midget-in-a-cake " appearance had not been up to veeck \'s usual plan standard .
in a short video promoting the charity equality now joss whedon confirmed that " fray is not done .
a mutant is a type of fictional character in a fictional universe created by Marvel Comics.
the sat reasoning test -lrb- cholastic gift test - theycholastic assessment test -rrb- is a test for college admissions in the united states.
civil unrest in northern italy spawns the medieval musical form of geisslerlieder number, songs of repentance sung by wandering bands of flagellants .
Some report that various factors increase the likelihood of both paralysis and hallucinations.
This sentence was transportation to australia for seven years.
waugh writes that it has had been " in search of love in those days " when he first met sebastian , a metaphor in the book, then a metaphor that informs the work on a number of levels .
her friendship with the russian mystic grigori rasputin was also an important factor in her life .
the term dorsal means the parts that are either located toward or grow off that side of an animal .
After mulder observed that all proteins seemed to have the same empirical formula and might be made of a single type of -lrb- in many -rrb- molecule .
Similarly, the jerilderie , the gang laid low for 16 months.
It is found in the region Pays de la Loire in the calvados department in the basse-normandie region in northwestern france .
color can be blue- orange to light yellow.
In 1963 another part was added , curving north from union station , below university avenue and queen 's park to near bloor street where it turned west to end at st. george and bloor streets.
before 1980, a section of the commonwealth railways central australian line between the western side of the simpson desert.
It is on an old walking track which led west through the mountains to unalakleet.
People with cardiomyopathy are often at risk of arrhythmia and/or sudden cardiac death.
So, it includes a vast and varied landscape , from the mountainous regions of the sierra madre to the semi-arid plains of northern yucat\xc3\xa1n .
google made the comic available on google books and their website and talked about it on its official blog along with an explanation for the early release .
anyone may register a pedigree with the college, where they are carefully checked and need official proofs before being altered.
The book, political economy Scream was published in 1985, but was not used in a lot of schools.
he toured with the ipo in the spring of 1990 for their first-ever performance in the soviet union , with concerts in moscow and leningrad , and toured with the ipo again in 1994 , performing in china and Happi .
napoleon had his army to the grand army of napoleon over 30,000 prisoners and inflicting 10,000 casualties on the losers .
It has long been the economic centre of northern nigeria , and a centre for the sale of groundnuts to grow ground.
\xe2\x80\x94 complexityada , tamil , telugu and tulu .
meteora earned the band a lot of awards and honors.
after a brief stand-off , the wwf cavalry turned around and attacked kane and jericho .
One of the songs were written by richard m. Sherman and robert b. Sherman.
in the 5th century slavs started to move into the area.
During 1900 many new buildings were built on campus , including buildings for the dental and pharmacy programs, a chemistry building , a building for the natural sciences , hill auditorium , large hospital and library buildings, and two residence halls .
winchester is a city in scott county, illinois , united states.
arzashkun seems to be the assyrian form of an armenian name ending in -ka formed from a proper name arzash .
out of 16,421 girls in the casting - she was chosen among 14 other girls to be on the tv show .
its episodes were shown on the abc network from its debut on September 7, 1993 to march 1\xe2\x80\x94 2005 \xe2\x81\x87  2005.
the other device can be designed and used in less securely environments.
gimnasia hired first famed colombian trainer francisco maturana , and then julio c\xc3\xa9sar falcioni .
brighton is a city in washington county , iowa , united states.
Amore regularly played a five music videos, including " " " it girl " by john oates".
on june 24 1979 -lrb- the 750th anniversary of the village -rrb- , glinde became its town charter .
pauline returned in the game boy remake of donkey kong in 1994 : march of the minis in 2006 : march of the minis in 2006: " mario \'s friend " .
The vagina is very elastic and stretches to many times its normal diameter during birth.
His real date of birth was never written down, but it is thought to be between 1935 and 1939.
It indicates how much of a particular drug or other substance -lrb- inhibitor -rrb- is needed to inhibit a given biological process -lrb- or component of a process .
Some of the bernese iconland region of the canton of bern , portions of the bernese alps are in the next cantons of valais , obwalden , fribourg and vaud .
there he had one daughter, later baptized as mary ann fisher power, to ann -lrb- e -rrb- power.
during an interview, edward gorey mentioned that bawden was one of his trusted artists , lamenting the fact that not many people remembered or knew about this fine artist.
Imagine a guitar string vibrating differently to make different notes- the strings vibrate differently to make different particles : electron , photon , gluon , etc.
gable also earned an academy award nomination when he portrayed fletcher christian in 1935 's mutiny on the Happi .
